<?xml version="1.0" encoding="UTF-8"?>
<!-- Generated by org.testng.reporters.JUnitReportReporter -->
<testsuite hostname="DESKTOP-IJJEH3C" failures="0" tests="6" name="testNGFlag.GroupExecution" time="0.050" errors="0" timestamp="2023-03-31T19:23:23 IST" skipped="0">
  <testcase classname="testNGFlag.GroupExecution" name="it2" time="0.002"/>
  <system-out>
    <![CDATA[ ITC2 is executed!!]]>
  </system-out>
  <testcase classname="testNGFlag.GroupExecution" name="st2" time="0.006"/>
  <system-out>
    <![CDATA[ STC2 is executed!!]]>
  </system-out>
  <testcase classname="testNGFlag.GroupExecution" name="f1" time="0.015"/>
  <system-out>
    <![CDATA[ FTC1 is executed!!]]>
  </system-out>
  <testcase classname="testNGFlag.GroupExecution" name="st1" time="0.021"/>
  <system-out>
    <![CDATA[ STC1 is executed!!]]>
  </system-out>
  <testcase classname="testNGFlag.GroupExecution" name="it1" time="0.002"/>
  <system-out>
    <![CDATA[ ITC1 is executed!!]]>
  </system-out>
  <testcase classname="testNGFlag.GroupExecution" name="f2" time="0.004"/>
  <system-out>
    <![CDATA[ FTC2 is executed!!]]>
  </system-out>
</testsuite> <!-- testNGFlag.GroupExecution -->
