<?xml version="1.0" encoding="UTF-8"?>
<!-- Generated by org.testng.reporters.JUnitReportReporter -->
<testsuite hostname="DESKTOP-IJJEH3C" failures="0" tests="2" name="testNGFlag.Flag6" time="0.014" errors="0" timestamp="2023-03-31T19:32:37 IST" skipped="1">
  <testcase classname="testNGFlag.Flag6" name="login" time="0.014"/>
  <system-out>
    <![CDATA[Login Method]]>
  </system-out>
  <testcase classname="testNGFlag.Flag6" name="logout">
    <skipped/>
  </testcase> <!-- logout -->
  <system-out/>
</testsuite> <!-- testNGFlag.Flag6 -->
